<?xml version="1.0" encoding="UTF-8"?>
<testsuite xmlns:xsi="http://www.w3.org/2001/XMLSchema-instance" xsi:noNamespaceSchemaLocation="https://maven.apache.org/surefire/maven-surefire-plugin/xsd/surefire-test-report.xsd" name="by.sasnouskikh.jcasino.dao.DAOTestSuite" time="56.447" tests="48" errors="0" skipped="0" failures="0">
  <properties>
    <property name="idea.version" value="2016.2.3"/>
    <property name="java.runtime.name" value="Java(TM) SE Runtime Environment"/>
    <property name="sun.boot.library.path" value="/Library/Java/JavaVirtualMachines/jdk1.8.0_102.jdk/Contents/Home/jre/lib"/>
    <property name="java.vm.version" value="25.102-b14"/>
    <property name="user.country.format" value="BY"/>
    <property name="gopherProxySet" value="false"/>
    <property name="java.vm.vendor" value="Oracle Corporation"/>
    <property name="java.vendor.url" value="http://java.oracle.com/"/>
    <property name="path.separator" value=":"/>
    <property name="guice.disable.misplaced.annotation.check" value="true"/>
    <property name="java.vm.name" value="Java HotSpot(TM) 64-Bit Server VM"/>
    <property name="file.encoding.pkg" value="sun.io"/>
    <property name="idea.launcher.port" value="7532"/>
    <property name="user.country" value="RU"/>
    <property name="sun.java.launcher" value="SUN_STANDARD"/>
    <property name="sun.os.patch.level" value="unknown"/>
    <property name="java.vm.specification.name" value="Java Virtual Machine Specification"/>
    <property name="user.dir" value="/Users/aleksandrsosnovskih/IdeaProjects/JCasino"/>
    <property name="java.runtime.version" value="1.8.0_102-b14"/>
    <property name="java.awt.graphicsenv" value="sun.awt.CGraphicsEnvironment"/>
    <property name="java.endorsed.dirs" value="/Library/Java/JavaVirtualMachines/jdk1.8.0_102.jdk/Contents/Home/jre/lib/endorsed"/>
    <property name="os.arch" value="x86_64"/>
    <property name="java.io.tmpdir" value="/var/folders/qm/fqh0nywx4nq6d24tv8gs8bj80000gn/T/"/>
    <property name="line.separator" value="&#10;"/>
    <property name="java.vm.specification.vendor" value="Oracle Corporation"/>
    <property name="os.name" value="Mac OS X"/>
    <property name="classworlds.conf" value="/Applications/IntelliJ IDEA.app/Contents/plugins/maven/lib/maven3/bin/m2.conf"/>
    <property name="sun.jnu.encoding" value="UTF-8"/>
    <property name="java.library.path" value="/Users/aleksandrsosnovskih/Library/Java/Extensions:/Library/Java/Extensions:/Network/Library/Java/Extensions:/System/Library/Java/Extensions:/usr/lib/java:."/>
    <property name="java.specification.name" value="Java Platform API Specification"/>
    <property name="java.class.version" value="52.0"/>
    <property name="sun.management.compiler" value="HotSpot 64-Bit Tiered Compilers"/>
    <property name="os.version" value="10.11.6"/>
    <property name="http.nonProxyHosts" value="local|*.local|169.254/16|*.169.254/16"/>
    <property name="user.home" value="/Users/aleksandrsosnovskih"/>
    <property name="user.timezone" value="Europe/Minsk"/>
    <property name="java.awt.printerjob" value="sun.lwawt.macosx.CPrinterJob"/>
    <property name="java.specification.version" value="1.8"/>
    <property name="idea.launcher.bin.path" value="/Applications/IntelliJ IDEA.app/Contents/bin"/>
    <property name="file.encoding" value="UTF-8"/>
    <property name="user.name" value="aleksandrsosnovskih"/>
    <property name="java.class.path" value="/Applications/IntelliJ IDEA.app/Contents/plugins/maven/lib/maven3/boot/plexus-classworlds-2.4.jar:/Applications/IntelliJ IDEA.app/Contents/lib/idea_rt.jar"/>
    <property name="java.vm.specification.version" value="1.8"/>
    <property name="sun.arch.data.model" value="64"/>
    <property name="java.home" value="/Library/Java/JavaVirtualMachines/jdk1.8.0_102.jdk/Contents/Home/jre"/>
    <property name="sun.java.command" value="com.intellij.rt.execution.application.AppMain org.codehaus.classworlds.Launcher -Didea.version=2016.2.3 tomcat7:redeploy"/>
    <property name="java.specification.vendor" value="Oracle Corporation"/>
    <property name="user.language" value="ru"/>
    <property name="awt.toolkit" value="sun.lwawt.macosx.LWCToolkit"/>
    <property name="java.vm.info" value="mixed mode"/>
    <property name="java.version" value="1.8.0_102"/>
    <property name="java.ext.dirs" value="/Users/aleksandrsosnovskih/Library/Java/Extensions:/Library/Java/JavaVirtualMachines/jdk1.8.0_102.jdk/Contents/Home/jre/lib/ext:/Library/Java/Extensions:/Network/Library/Java/Extensions:/System/Library/Java/Extensions:/usr/lib/java"/>
    <property name="sun.boot.class.path" value="/Library/Java/JavaVirtualMachines/jdk1.8.0_102.jdk/Contents/Home/jre/lib/resources.jar:/Library/Java/JavaVirtualMachines/jdk1.8.0_102.jdk/Contents/Home/jre/lib/rt.jar:/Library/Java/JavaVirtualMachines/jdk1.8.0_102.jdk/Contents/Home/jre/lib/sunrsasign.jar:/Library/Java/JavaVirtualMachines/jdk1.8.0_102.jdk/Contents/Home/jre/lib/jsse.jar:/Library/Java/JavaVirtualMachines/jdk1.8.0_102.jdk/Contents/Home/jre/lib/jce.jar:/Library/Java/JavaVirtualMachines/jdk1.8.0_102.jdk/Contents/Home/jre/lib/charsets.jar:/Library/Java/JavaVirtualMachines/jdk1.8.0_102.jdk/Contents/Home/jre/lib/jfr.jar:/Library/Java/JavaVirtualMachines/jdk1.8.0_102.jdk/Contents/Home/jre/classes"/>
    <property name="java.vendor" value="Oracle Corporation"/>
    <property name="maven.home" value="/Applications/IntelliJ IDEA.app/Contents/plugins/maven/lib/maven3"/>
    <property name="file.separator" value="/"/>
    <property name="java.vendor.url.bug" value="http://bugreport.sun.com/bugreport/"/>
    <property name="sun.cpu.endian" value="little"/>
    <property name="sun.io.unicode.encoding" value="UnicodeBig"/>
    <property name="socksNonProxyHosts" value="local|*.local|169.254/16|*.169.254/16"/>
    <property name="ftp.nonProxyHosts" value="local|*.local|169.254/16|*.169.254/16"/>
    <property name="sun.cpu.isalist" value=""/>
  </properties>
  <testcase name="takeLoanListOnlyExpireCheck" classname="by.sasnouskikh.jcasino.dao.LoanDAOTest" time="1.536"/>
  <testcase name="takePlayerLoansCheck" classname="by.sasnouskikh.jcasino.dao.LoanDAOTest" time="1.186"/>
  <testcase name="playerIdFkConstraintCheck" classname="by.sasnouskikh.jcasino.dao.LoanDAOTest" time="1.503"/>
  <testcase name="takeLoanListNoPatternCheck" classname="by.sasnouskikh.jcasino.dao.LoanDAOTest" time="1.213"/>
  <testcase name="payLoanTrueCheck" classname="by.sasnouskikh.jcasino.dao.LoanDAOTest" time="0.715"/>
  <testcase name="takeLoanListAcquireExpireCheck" classname="by.sasnouskikh.jcasino.dao.LoanDAOTest" time="1.205"/>
  <testcase name="insertLoanIdCheck" classname="by.sasnouskikh.jcasino.dao.LoanDAOTest" time="0.862"/>
  <testcase name="insertLoanCheck" classname="by.sasnouskikh.jcasino.dao.LoanDAOTest" time="1.038"/>
  <testcase name="payLoanCheck" classname="by.sasnouskikh.jcasino.dao.LoanDAOTest" time="0.942"/>
  <testcase name="takePlayerLoansAcquireCheck" classname="by.sasnouskikh.jcasino.dao.LoanDAOTest" time="0.846"/>
  <testcase name="takeCurrentLoanCheck" classname="by.sasnouskikh.jcasino.dao.LoanDAOTest" time="0.746"/>
  <testcase name="takeLoanListOnlyAcquireCheck" classname="by.sasnouskikh.jcasino.dao.LoanDAOTest" time="0.78"/>
  <testcase name="takeLoanCheck" classname="by.sasnouskikh.jcasino.dao.LoanDAOTest" time="0.793"/>
  <testcase name="takePlayerLoansNoPatternCheck" classname="by.sasnouskikh.jcasino.dao.LoanDAOTest" time="0.79"/>
  <testcase name="insertNewsCheck" classname="by.sasnouskikh.jcasino.dao.NewsDAOTest" time="0.905"/>
  <testcase name="changeNewsHeaderTrueCheck" classname="by.sasnouskikh.jcasino.dao.NewsDAOTest" time="1.19"/>
  <testcase name="changeNewsTextCheck" classname="by.sasnouskikh.jcasino.dao.NewsDAOTest" time="1.268"/>
  <testcase name="takeAllNewsCheck" classname="by.sasnouskikh.jcasino.dao.NewsDAOTest" time="2.188"/>
  <testcase name="takeNewsCheck" classname="by.sasnouskikh.jcasino.dao.NewsDAOTest" time="1.063"/>
  <testcase name="adminIdFkConstraintCheck" classname="by.sasnouskikh.jcasino.dao.NewsDAOTest" time="1.207"/>
  <testcase name="deleteNewsTrueCheck" classname="by.sasnouskikh.jcasino.dao.NewsDAOTest" time="0.892"/>
  <testcase name="deleteNewsCheck" classname="by.sasnouskikh.jcasino.dao.NewsDAOTest" time="1.274"/>
  <testcase name="insertNewsIdCheck" classname="by.sasnouskikh.jcasino.dao.NewsDAOTest" time="1.468"/>
  <testcase name="changeNewsHeaderCheck" classname="by.sasnouskikh.jcasino.dao.NewsDAOTest" time="1.095"/>
  <testcase name="changeNewsTextTrueCheck" classname="by.sasnouskikh.jcasino.dao.NewsDAOTest" time="1.454"/>
  <testcase name="takeVerificationCheck" classname="by.sasnouskikh.jcasino.dao.PlayerDAOTest" time="3.289"/>
  <testcase name="takeMonthWithdrawalCheck" classname="by.sasnouskikh.jcasino.dao.PlayerDAOTest" time="1.879"/>
  <testcase name="defineNameByEmailCheck" classname="by.sasnouskikh.jcasino.dao.PlayerDAOTest" time="1.074"/>
  <testcase name="takeMonthWithdrawalAllCheck" classname="by.sasnouskikh.jcasino.dao.PlayerDAOTest" time="1.247"/>
  <testcase name="takeReadyForVerificationCheck" classname="by.sasnouskikh.jcasino.dao.PlayerDAOTest" time="0.83"/>
  <testcase name="insertPlayerCheck" classname="by.sasnouskikh.jcasino.dao.PlayerDAOTest" time="0.932"/>
  <testcase name="takeReadyForVerificationNoSuchCheck" classname="by.sasnouskikh.jcasino.dao.PlayerDAOTest" time="0.748"/>
  <testcase name="defineIdByEmailNoEmailCheck" classname="by.sasnouskikh.jcasino.dao.PlayerDAOTest" time="0.783"/>
  <testcase name="takeMonthWithdrawalNoCheck" classname="by.sasnouskikh.jcasino.dao.PlayerDAOTest" time="0.732"/>
  <testcase name="takeProfileNoSuchCheck" classname="by.sasnouskikh.jcasino.dao.PlayerDAOTest" time="0.711"/>
  <testcase name="defineEmailByIdCheck" classname="by.sasnouskikh.jcasino.dao.PlayerDAOTest" time="1.453"/>
  <testcase name="defineNameByEmailNoEmailCheck" classname="by.sasnouskikh.jcasino.dao.PlayerDAOTest" time="0.845"/>
  <testcase name="takeAccountCheck" classname="by.sasnouskikh.jcasino.dao.PlayerDAOTest" time="0.756"/>
  <testcase name="defineEmailByIdNoIdCheck" classname="by.sasnouskikh.jcasino.dao.PlayerDAOTest" time="0.7"/>
  <testcase name="takeProfileCheck" classname="by.sasnouskikh.jcasino.dao.PlayerDAOTest" time="0.779"/>
  <testcase name="defineIdByEmailCheck" classname="by.sasnouskikh.jcasino.dao.PlayerDAOTest" time="0.78"/>
  <testcase name="insertUserPlayerCheck" classname="by.sasnouskikh.jcasino.dao.PlayerDAOTest" time="0.778"/>
  <testcase name="takeAccountNoSuchCheck" classname="by.sasnouskikh.jcasino.dao.PlayerDAOTest" time="0.704"/>
  <testcase name="insertUserPlayerIdCheck" classname="by.sasnouskikh.jcasino.dao.PlayerDAOTest" time="0.714"/>
  <testcase name="defineNameByEmailNoNameCheck" classname="by.sasnouskikh.jcasino.dao.PlayerDAOTest" time="0.758"/>
  <testcase name="takeVerificationNoSuchCheck" classname="by.sasnouskikh.jcasino.dao.PlayerDAOTest" time="0.746"/>
  <testcase name="insertUserPlayerUniqueEmailCheck" classname="by.sasnouskikh.jcasino.dao.PlayerDAOTest" time="0.815"/>
  <testcase name="insertPlayerTrueCheck" classname="by.sasnouskikh.jcasino.dao.PlayerDAOTest" time="0.726"/>
</testsuite>